VDW_RAD  SAH-1  N     1.82
VDW_EPS  SAH-1  N     0.17
VDW_RAD  SAH-1  CA    1.91
VDW_EPS  SAH-1  CA    0.11
VDW_RAD  SAH-1  CB    1.91
VDW_EPS  SAH-1  CB    0.11
VDW_RAD  SAH-1  CG    1.91
VDW_EPS  SAH-1  CG    0.11
VDW_RAD  SAH-1  SD    2.00
VDW_EPS  SAH-1  SD    0.25
VDW_RAD  SAH-1  C     1.91
VDW_EPS  SAH-1  C     0.11
VDW_RAD  SAH-1  O     1.66
VDW_EPS  SAH-1  O     0.21
VDW_RAD  SAH-1  OXT   1.66
VDW_EPS  SAH-1  OXT   0.21
VDW_RAD  SAH-1  C5'   1.91
VDW_EPS  SAH-1  C5'   0.11
VDW_RAD  SAH-1  C4'   1.91
VDW_EPS  SAH-1  C4'   0.11
VDW_RAD  SAH-1  O4'   1.66
VDW_EPS  SAH-1  O4'   0.21
VDW_RAD  SAH-1  C3'   1.91
VDW_EPS  SAH-1  C3'   0.11
VDW_RAD  SAH-1  O3'   1.66
VDW_EPS  SAH-1  O3'   0.21
VDW_RAD  SAH-1  C2'   1.91
VDW_EPS  SAH-1  C2'   0.11
VDW_RAD  SAH-1  O2'   1.66
VDW_EPS  SAH-1  O2'   0.21
VDW_RAD  SAH-1  C1'   1.91
VDW_EPS  SAH-1  C1'   0.11
VDW_RAD  SAH-1  N9    1.82
VDW_EPS  SAH-1  N9    0.17
VDW_RAD  SAH-1  C8    1.91
VDW_EPS  SAH-1  C8    0.11
VDW_RAD  SAH-1  N7    1.82
VDW_EPS  SAH-1  N7    0.17
VDW_RAD  SAH-1  C5    1.91
VDW_EPS  SAH-1  C5    0.11
VDW_RAD  SAH-1  C6    1.91
VDW_EPS  SAH-1  C6    0.11
VDW_RAD  SAH-1  N6    1.82
VDW_EPS  SAH-1  N6    0.17
VDW_RAD  SAH-1  N1    1.82
VDW_EPS  SAH-1  N1    0.17
VDW_RAD  SAH-1  C2    1.91
VDW_EPS  SAH-1  C2    0.11
VDW_RAD  SAH-1  N3    1.82
VDW_EPS  SAH-1  N3    0.17
VDW_RAD  SAH-1  C4    1.91
VDW_EPS  SAH-1  C4    0.11
VDW_RAD  SAH-1  HN1   1.49
VDW_EPS  SAH-1  HN1   0.02
VDW_RAD  SAH-1  HN2   1.49
VDW_EPS  SAH-1  HN2   0.02
VDW_RAD  SAH-1   HA   1.91
VDW_EPS  SAH-1   HA   0.11
VDW_RAD  SAH-1  HB1   1.49
VDW_EPS  SAH-1  HB1   0.02
VDW_RAD  SAH-1  HB2   1.49
VDW_EPS  SAH-1  HB2   0.02
VDW_RAD  SAH-1  HG1   1.49
VDW_EPS  SAH-1  HG1   0.02
VDW_RAD  SAH-1  HG2   1.49
VDW_EPS  SAH-1  HG2   0.02
VDW_RAD  SAH-1 H5'1   1.91
VDW_EPS  SAH-1 H5'1   0.11
VDW_RAD  SAH-1 H5'2   1.91
VDW_EPS  SAH-1 H5'2   0.11
VDW_RAD  SAH-1  H4'   1.49
VDW_EPS  SAH-1  H4'   0.02
VDW_RAD  SAH-1  H3'   1.49
VDW_EPS  SAH-1  H3'   0.02
VDW_RAD  SAH-1 HO3'   1.66
VDW_EPS  SAH-1 HO3'   0.21
VDW_RAD  SAH-1  H2'   1.49
VDW_EPS  SAH-1  H2'   0.02
VDW_RAD  SAH-1 HO2'   1.66
VDW_EPS  SAH-1 HO2'   0.21
VDW_RAD  SAH-1  H1'   1.49
VDW_EPS  SAH-1  H1'   0.02
VDW_RAD  SAH-1   H8   1.91
VDW_EPS  SAH-1   H8   0.11
VDW_RAD  SAH-1 HN61   1.82
VDW_EPS  SAH-1 HN61   0.17
VDW_RAD  SAH-1 HN62   1.82
VDW_EPS  SAH-1 HN62   0.17
VDW_RAD  SAH-1   H2   1.91
VDW_EPS  SAH-1   H2   0.11
VDW_RAD  SAH-a  N     1.82
VDW_EPS  SAH-a  N     0.17
VDW_RAD  SAH-a  CA    1.91
VDW_EPS  SAH-a  CA    0.11
VDW_RAD  SAH-a  CB    1.91
VDW_EPS  SAH-a  CB    0.11
VDW_RAD  SAH-a  CG    1.91
VDW_EPS  SAH-a  CG    0.11
VDW_RAD  SAH-a  SD    2.00
VDW_EPS  SAH-a  SD    0.25
VDW_RAD  SAH-a  C     1.91
VDW_EPS  SAH-a  C     0.11
VDW_RAD  SAH-a  O     1.66
VDW_EPS  SAH-a  O     0.21
VDW_RAD  SAH-a  OXT   1.66
VDW_EPS  SAH-a  OXT   0.21
VDW_RAD  SAH-a  C5'   1.91
VDW_EPS  SAH-a  C5'   0.11
VDW_RAD  SAH-a  C4'   1.91
VDW_EPS  SAH-a  C4'   0.11
VDW_RAD  SAH-a  O4'   1.66
VDW_EPS  SAH-a  O4'   0.21
VDW_RAD  SAH-a  C3'   1.91
VDW_EPS  SAH-a  C3'   0.11
VDW_RAD  SAH-a  O3'   1.66
VDW_EPS  SAH-a  O3'   0.21
VDW_RAD  SAH-a  C2'   1.91
VDW_EPS  SAH-a  C2'   0.11
VDW_RAD  SAH-a  O2'   1.66
VDW_EPS  SAH-a  O2'   0.21
VDW_RAD  SAH-a  C1'   1.91
VDW_EPS  SAH-a  C1'   0.11
VDW_RAD  SAH-a  N9    1.82
VDW_EPS  SAH-a  N9    0.17
VDW_RAD  SAH-a  C8    1.91
VDW_EPS  SAH-a  C8    0.11
VDW_RAD  SAH-a  N7    1.82
VDW_EPS  SAH-a  N7    0.17
VDW_RAD  SAH-a  C5    1.91
VDW_EPS  SAH-a  C5    0.11
VDW_RAD  SAH-a  C6    1.91
VDW_EPS  SAH-a  C6    0.11
VDW_RAD  SAH-a  N6    1.82
VDW_EPS  SAH-a  N6    0.17
VDW_RAD  SAH-a  N1    1.82
VDW_EPS  SAH-a  N1    0.17
VDW_RAD  SAH-a  C2    1.91
VDW_EPS  SAH-a  C2    0.11
VDW_RAD  SAH-a  N3    1.82
VDW_EPS  SAH-a  N3    0.17
VDW_RAD  SAH-a  C4    1.91
VDW_EPS  SAH-a  C4    0.11
VDW_RAD  SAH-a  HN1   1.49
VDW_EPS  SAH-a  HN1   0.02
VDW_RAD  SAH-a  HN2   1.49
VDW_EPS  SAH-a  HN2   0.02
VDW_RAD  SAH-a   HA   1.91
VDW_EPS  SAH-a   HA   0.11
VDW_RAD  SAH-a  HB1   1.49
VDW_EPS  SAH-a  HB1   0.02
VDW_RAD  SAH-a  HB2   1.49
VDW_EPS  SAH-a  HB2   0.02
VDW_RAD  SAH-a  HG1   1.49
VDW_EPS  SAH-a  HG1   0.02
VDW_RAD  SAH-a  HG2   1.49
VDW_EPS  SAH-a  HG2   0.02
VDW_RAD  SAH-a H5'1   1.91
VDW_EPS  SAH-a H5'1   0.11
VDW_RAD  SAH-a H5'2   1.91
VDW_EPS  SAH-a H5'2   0.11
VDW_RAD  SAH-a  H4'   1.49
VDW_EPS  SAH-a  H4'   0.02
VDW_RAD  SAH-a  H3'   1.49
VDW_EPS  SAH-a  H3'   0.02
VDW_RAD  SAH-a HO3'   1.66
VDW_EPS  SAH-a HO3'   0.21
VDW_RAD  SAH-a  H2'   1.49
VDW_EPS  SAH-a  H2'   0.02
VDW_RAD  SAH-a  H1'   1.49
VDW_EPS  SAH-a  H1'   0.02
VDW_RAD  SAH-a   H8   1.91
VDW_EPS  SAH-a   H8   0.11
VDW_RAD  SAH-a HN61   1.82
VDW_EPS  SAH-a HN61   0.17
VDW_RAD  SAH-a HN62   1.82
VDW_EPS  SAH-a HN62   0.17
VDW_RAD  SAH-a   H2   1.91
VDW_EPS  SAH-a   H2   0.11
VDW_RAD  SAH-b  N     1.82
VDW_EPS  SAH-b  N     0.17
VDW_RAD  SAH-b  CA    1.91
VDW_EPS  SAH-b  CA    0.11
VDW_RAD  SAH-b  CB    1.91
VDW_EPS  SAH-b  CB    0.11
VDW_RAD  SAH-b  CG    1.91
VDW_EPS  SAH-b  CG    0.11
VDW_RAD  SAH-b  SD    2.00
VDW_EPS  SAH-b  SD    0.25
VDW_RAD  SAH-b  C     1.91
VDW_EPS  SAH-b  C     0.11
VDW_RAD  SAH-b  O     1.66
VDW_EPS  SAH-b  O     0.21
VDW_RAD  SAH-b  OXT   1.66
VDW_EPS  SAH-b  OXT   0.21
VDW_RAD  SAH-b  C5'   1.91
VDW_EPS  SAH-b  C5'   0.11
VDW_RAD  SAH-b  C4'   1.91
VDW_EPS  SAH-b  C4'   0.11
VDW_RAD  SAH-b  O4'   1.66
VDW_EPS  SAH-b  O4'   0.21
VDW_RAD  SAH-b  C3'   1.91
VDW_EPS  SAH-b  C3'   0.11
VDW_RAD  SAH-b  O3'   1.66
VDW_EPS  SAH-b  O3'   0.21
VDW_RAD  SAH-b  C2'   1.91
VDW_EPS  SAH-b  C2'   0.11
VDW_RAD  SAH-b  O2'   1.66
VDW_EPS  SAH-b  O2'   0.21
VDW_RAD  SAH-b  C1'   1.91
VDW_EPS  SAH-b  C1'   0.11
VDW_RAD  SAH-b  N9    1.82
VDW_EPS  SAH-b  N9    0.17
VDW_RAD  SAH-b  C8    1.91
VDW_EPS  SAH-b  C8    0.11
VDW_RAD  SAH-b  N7    1.82
VDW_EPS  SAH-b  N7    0.17
VDW_RAD  SAH-b  C5    1.91
VDW_EPS  SAH-b  C5    0.11
VDW_RAD  SAH-b  C6    1.91
VDW_EPS  SAH-b  C6    0.11
VDW_RAD  SAH-b  N6    1.82
VDW_EPS  SAH-b  N6    0.17
VDW_RAD  SAH-b  N1    1.82
VDW_EPS  SAH-b  N1    0.17
VDW_RAD  SAH-b  C2    1.91
VDW_EPS  SAH-b  C2    0.11
VDW_RAD  SAH-b  N3    1.82
VDW_EPS  SAH-b  N3    0.17
VDW_RAD  SAH-b  C4    1.91
VDW_EPS  SAH-b  C4    0.11
VDW_RAD  SAH-b  HN1   1.49
VDW_EPS  SAH-b  HN1   0.02
VDW_RAD  SAH-b  HN2   1.49
VDW_EPS  SAH-b  HN2   0.02
VDW_RAD  SAH-b   HA   1.91
VDW_EPS  SAH-b   HA   0.11
VDW_RAD  SAH-b  HB1   1.49
VDW_EPS  SAH-b  HB1   0.02
VDW_RAD  SAH-b  HB2   1.49
VDW_EPS  SAH-b  HB2   0.02
VDW_RAD  SAH-b  HG1   1.49
VDW_EPS  SAH-b  HG1   0.02
VDW_RAD  SAH-b  HG2   1.49
VDW_EPS  SAH-b  HG2   0.02
VDW_RAD  SAH-b H5'1   1.91
VDW_EPS  SAH-b H5'1   0.11
VDW_RAD  SAH-b H5'2   1.91
VDW_EPS  SAH-b H5'2   0.11
VDW_RAD  SAH-b  H4'   1.49
VDW_EPS  SAH-b  H4'   0.02
VDW_RAD  SAH-b  H3'   1.49
VDW_EPS  SAH-b  H3'   0.02
VDW_RAD  SAH-b  H2'   1.49
VDW_EPS  SAH-b  H2'   0.02
VDW_RAD  SAH-b HO2'   1.66
VDW_EPS  SAH-b HO2'   0.21
VDW_RAD  SAH-b   H8   1.91
VDW_EPS  SAH-b   H8   0.11
VDW_RAD  SAH-b HN61   1.82
VDW_EPS  SAH-b HN61   0.17
VDW_RAD  SAH-b HN62   1.82
VDW_EPS  SAH-b HN62   0.17
VDW_RAD  SAH-b   H2   1.91
VDW_EPS  SAH-b   H2   0.11
VDW_RAD  SAH-c  N     1.82
VDW_EPS  SAH-c  N     0.17
VDW_RAD  SAH-c  CA    1.91
VDW_EPS  SAH-c  CA    0.11
VDW_RAD  SAH-c  CB    1.91
VDW_EPS  SAH-c  CB    0.11
VDW_RAD  SAH-c  CG    1.91
VDW_EPS  SAH-c  CG    0.11
VDW_RAD  SAH-c  SD    2.00
VDW_EPS  SAH-c  SD    0.25
VDW_RAD  SAH-c  C     1.91
VDW_EPS  SAH-c  C     0.11
VDW_RAD  SAH-c  O     1.66
VDW_EPS  SAH-c  O     0.21
VDW_RAD  SAH-c  OXT   1.66
VDW_EPS  SAH-c  OXT   0.21
VDW_RAD  SAH-c  C5'   1.91
VDW_EPS  SAH-c  C5'   0.11
VDW_RAD  SAH-c  C4'   1.91
VDW_EPS  SAH-c  C4'   0.11
VDW_RAD  SAH-c  O4'   1.66
VDW_EPS  SAH-c  O4'   0.21
VDW_RAD  SAH-c  C3'   1.91
VDW_EPS  SAH-c  C3'   0.11
VDW_RAD  SAH-c  O3'   1.66
VDW_EPS  SAH-c  O3'   0.21
VDW_RAD  SAH-c  C2'   1.91
VDW_EPS  SAH-c  C2'   0.11
VDW_RAD  SAH-c  O2'   1.66
VDW_EPS  SAH-c  O2'   0.21
VDW_RAD  SAH-c  C1'   1.91
VDW_EPS  SAH-c  C1'   0.11
VDW_RAD  SAH-c  N9    1.82
VDW_EPS  SAH-c  N9    0.17
VDW_RAD  SAH-c  C8    1.91
VDW_EPS  SAH-c  C8    0.11
VDW_RAD  SAH-c  N7    1.82
VDW_EPS  SAH-c  N7    0.17
VDW_RAD  SAH-c  C5    1.91
VDW_EPS  SAH-c  C5    0.11
VDW_RAD  SAH-c  C6    1.91
VDW_EPS  SAH-c  C6    0.11
VDW_RAD  SAH-c  N6    1.82
VDW_EPS  SAH-c  N6    0.17
VDW_RAD  SAH-c  N1    1.82
VDW_EPS  SAH-c  N1    0.17
VDW_RAD  SAH-c  C2    1.91
VDW_EPS  SAH-c  C2    0.11
VDW_RAD  SAH-c  N3    1.82
VDW_EPS  SAH-c  N3    0.17
VDW_RAD  SAH-c  C4    1.91
VDW_EPS  SAH-c  C4    0.11
VDW_RAD  SAH-c  HN1   1.49
VDW_EPS  SAH-c  HN1   0.02
VDW_RAD  SAH-c  HN2   1.49
VDW_EPS  SAH-c  HN2   0.02
VDW_RAD  SAH-c   HA   1.91
VDW_EPS  SAH-c   HA   0.11
VDW_RAD  SAH-c  HB1   1.49
VDW_EPS  SAH-c  HB1   0.02
VDW_RAD  SAH-c  HB2   1.49
VDW_EPS  SAH-c  HB2   0.02
VDW_RAD  SAH-c  HG1   1.49
VDW_EPS  SAH-c  HG1   0.02
VDW_RAD  SAH-c  HG2   1.49
VDW_EPS  SAH-c  HG2   0.02
VDW_RAD  SAH-c H5'1   1.91
VDW_EPS  SAH-c H5'1   0.11
VDW_RAD  SAH-c H5'2   1.91
VDW_EPS  SAH-c H5'2   0.11
VDW_RAD  SAH-c  H4'   1.49
VDW_EPS  SAH-c  H4'   0.02
VDW_RAD  SAH-c  H3'   1.49
VDW_EPS  SAH-c  H3'   0.02
VDW_RAD  SAH-c HO3'   1.66
VDW_EPS  SAH-c HO3'   0.21
VDW_RAD  SAH-c  H2'   1.49
VDW_EPS  SAH-c  H2'   0.02
VDW_RAD  SAH-c HO2'   1.66
VDW_EPS  SAH-c HO2'   0.21
VDW_RAD  SAH-c  H1'   1.49
VDW_EPS  SAH-c  H1'   0.02
VDW_RAD  SAH-c   H8   1.91
VDW_EPS  SAH-c   H8   0.11
VDW_RAD  SAH-c HN62   1.82
VDW_EPS  SAH-c HN62   0.17
VDW_RAD  SAH-c   H2   1.91
VDW_EPS  SAH-c   H2   0.11
VDW_RAD  SAH01  N     1.82
VDW_EPS  SAH01  N     0.17
VDW_RAD  SAH01  CA    1.91
VDW_EPS  SAH01  CA    0.11
VDW_RAD  SAH01  CB    1.91
VDW_EPS  SAH01  CB    0.11
VDW_RAD  SAH01  CG    1.91
VDW_EPS  SAH01  CG    0.11
VDW_RAD  SAH01  SD    2.00
VDW_EPS  SAH01  SD    0.25
VDW_RAD  SAH01  C     1.91
VDW_EPS  SAH01  C     0.11
VDW_RAD  SAH01  O     1.66
VDW_EPS  SAH01  O     0.21
VDW_RAD  SAH01  OXT   1.66
VDW_EPS  SAH01  OXT   0.21
VDW_RAD  SAH01  C5'   1.91
VDW_EPS  SAH01  C5'   0.11
VDW_RAD  SAH01  C4'   1.91
VDW_EPS  SAH01  C4'   0.11
VDW_RAD  SAH01  O4'   1.66
VDW_EPS  SAH01  O4'   0.21
VDW_RAD  SAH01  C3'   1.91
VDW_EPS  SAH01  C3'   0.11
VDW_RAD  SAH01  O3'   1.66
VDW_EPS  SAH01  O3'   0.21
VDW_RAD  SAH01  C2'   1.91
VDW_EPS  SAH01  C2'   0.11
VDW_RAD  SAH01  O2'   1.66
VDW_EPS  SAH01  O2'   0.21
VDW_RAD  SAH01  C1'   1.91
VDW_EPS  SAH01  C1'   0.11
VDW_RAD  SAH01  N9    1.82
VDW_EPS  SAH01  N9    0.17
VDW_RAD  SAH01  C8    1.91
VDW_EPS  SAH01  C8    0.11
VDW_RAD  SAH01  N7    1.82
VDW_EPS  SAH01  N7    0.17
VDW_RAD  SAH01  C5    1.91
VDW_EPS  SAH01  C5    0.11
VDW_RAD  SAH01  C6    1.91
VDW_EPS  SAH01  C6    0.11
VDW_RAD  SAH01  N6    1.82
VDW_EPS  SAH01  N6    0.17
VDW_RAD  SAH01  N1    1.82
VDW_EPS  SAH01  N1    0.17
VDW_RAD  SAH01  C2    1.91
VDW_EPS  SAH01  C2    0.11
VDW_RAD  SAH01  N3    1.82
VDW_EPS  SAH01  N3    0.17
VDW_RAD  SAH01  C4    1.91
VDW_EPS  SAH01  C4    0.11
VDW_RAD  SAH01  HN1   1.49
VDW_EPS  SAH01  HN1   0.02
VDW_RAD  SAH01  HN2   1.49
VDW_EPS  SAH01  HN2   0.02
VDW_RAD  SAH01   HA   1.91
VDW_EPS  SAH01   HA   0.11
VDW_RAD  SAH01  HB1   1.49
VDW_EPS  SAH01  HB1   0.02
VDW_RAD  SAH01  HB2   1.49
VDW_EPS  SAH01  HB2   0.02
VDW_RAD  SAH01  HG1   1.49
VDW_EPS  SAH01  HG1   0.02
VDW_RAD  SAH01  HG2   1.49
VDW_EPS  SAH01  HG2   0.02
VDW_RAD  SAH01 H5'1   1.91
VDW_EPS  SAH01 H5'1   0.11
VDW_RAD  SAH01 H5'2   1.91
VDW_EPS  SAH01 H5'2   0.11
VDW_RAD  SAH01  H4'   1.49
VDW_EPS  SAH01  H4'   0.02
VDW_RAD  SAH01  H3'   1.49
VDW_EPS  SAH01  H3'   0.02
VDW_RAD  SAH01 HO3'   1.66
VDW_EPS  SAH01 HO3'   0.21
VDW_RAD  SAH01  H2'   1.49
VDW_EPS  SAH01  H2'   0.02
VDW_RAD  SAH01 HO2'   1.66
VDW_EPS  SAH01 HO2'   0.21
VDW_RAD  SAH01  H1'   1.49
VDW_EPS  SAH01  H1'   0.02
VDW_RAD  SAH01   H8   1.91
VDW_EPS  SAH01   H8   0.11
VDW_RAD  SAH01 HN61   1.82
VDW_EPS  SAH01 HN61   0.17
VDW_RAD  SAH01 HN62   1.82
VDW_EPS  SAH01 HN62   0.17
VDW_RAD  SAH01   H2   1.91
VDW_EPS  SAH01   H2   0.11
   Error! get_connect12(): connectivity of atom " N6  SAH-a A0001" is not complete
          get_connect12(): atom N62  in the same residue is not found
   Error! get_connect12(): connectivity of atom " N6  SAH-b A0001" is not complete
          get_connect12(): atom N62  in the same residue is not found
Warning, bond length btw  C1'-HO2' in res SAH A0001 is    2.841
Warning, bond length btw  C1'-HO2' in res SAH A0001 is    2.841
